[2025-08-30 23:52:31Z INFO HostContext] No proxy settings were found based on environmental variables (http_proxy/https_proxy/HTTP_PROXY/HTTPS_PROXY)
[2025-08-30 23:52:31Z INFO HostContext] Well known directory 'Bin': 'C:\Users\Moni\Documents\claudeprojects\Microscope\actions-runner\bin'
[2025-08-30 23:52:31Z INFO HostContext] Well known directory 'Root': 'C:\Users\Moni\Documents\claudeprojects\Microscope\actions-runner'
[2025-08-30 23:52:31Z INFO HostContext] Well known config file 'Credentials': 'C:\Users\Moni\Documents\claudeprojects\Microscope\actions-runner\.credentials'
[2025-08-30 23:52:31Z INFO HostContext] Well known directory 'Bin': 'C:\Users\Moni\Documents\claudeprojects\Microscope\actions-runner\bin'
[2025-08-30 23:52:31Z INFO HostContext] Well known directory 'Root': 'C:\Users\Moni\Documents\claudeprojects\Microscope\actions-runner'
[2025-08-30 23:52:31Z INFO HostContext] Well known config file 'Runner': 'C:\Users\Moni\Documents\claudeprojects\Microscope\actions-runner\.runner'
[2025-08-30 23:52:31Z INFO Listener] Runner is built for Windows (X64) - win-x64.
[2025-08-30 23:52:31Z INFO Listener] RuntimeInformation: Microsoft Windows 10.0.26100.
[2025-08-30 23:52:31Z INFO Listener] Version: 2.328.0
[2025-08-30 23:52:31Z INFO Listener] Commit: 6f9a9110adce65f44ca6f7c0ae142b9cc6af937b
[2025-08-30 23:52:31Z INFO Listener] Culture: en-IL
[2025-08-30 23:52:31Z INFO Listener] UI Culture: en-US
[2025-08-30 23:52:31Z INFO HostContext] Well known directory 'Bin': 'C:\Users\Moni\Documents\claudeprojects\Microscope\actions-runner\bin'
[2025-08-30 23:52:31Z INFO HostContext] Well known directory 'Root': 'C:\Users\Moni\Documents\claudeprojects\Microscope\actions-runner'
[2025-08-30 23:52:31Z INFO Listener] Validating directory permissions for: 'C:\Users\Moni\Documents\claudeprojects\Microscope\actions-runner'
[2025-08-30 23:52:31Z INFO CommandLineParser] Parse
[2025-08-30 23:52:31Z INFO CommandLineParser] Parsing 13 args
[2025-08-30 23:52:31Z INFO CommandLineParser] parsing argument
[2025-08-30 23:52:31Z INFO CommandLineParser] HasArgs: False
[2025-08-30 23:52:31Z INFO CommandLineParser] Adding Command: configure
[2025-08-30 23:52:31Z INFO CommandLineParser] parsing argument
[2025-08-30 23:52:31Z INFO CommandLineParser] HasArgs: True
[2025-08-30 23:52:31Z INFO CommandLineParser] arg: url
[2025-08-30 23:52:31Z INFO CommandLineParser] parsing argument
[2025-08-30 23:52:31Z INFO CommandLineParser] HasArgs: True
[2025-08-30 23:52:31Z INFO CommandLineParser] Adding option 'url': 'https://github.com/MoniVibe/Microscope'
[2025-08-30 23:52:31Z INFO CommandLineParser] parsing argument
[2025-08-30 23:52:31Z INFO CommandLineParser] HasArgs: True
[2025-08-30 23:52:31Z INFO CommandLineParser] arg: token
[2025-08-30 23:52:31Z INFO CommandLineParser] parsing argument
[2025-08-30 23:52:31Z INFO CommandLineParser] HasArgs: True
[2025-08-30 23:52:31Z INFO CommandLineParser] Adding option 'token': '***'
[2025-08-30 23:52:31Z INFO CommandLineParser] parsing argument
[2025-08-30 23:52:31Z INFO CommandLineParser] HasArgs: True
[2025-08-30 23:52:31Z INFO CommandLineParser] arg: name
[2025-08-30 23:52:31Z INFO CommandLineParser] parsing argument
[2025-08-30 23:52:31Z INFO CommandLineParser] HasArgs: True
[2025-08-30 23:52:31Z INFO CommandLineParser] Adding option 'name': 'micros-gpu-01'
[2025-08-30 23:52:31Z INFO CommandLineParser] parsing argument
[2025-08-30 23:52:31Z INFO CommandLineParser] HasArgs: True
[2025-08-30 23:52:31Z INFO CommandLineParser] arg: labels
[2025-08-30 23:52:31Z INFO CommandLineParser] parsing argument
[2025-08-30 23:52:31Z INFO CommandLineParser] HasArgs: True
[2025-08-30 23:52:31Z INFO CommandLineParser] Adding option 'labels': 'gpu,windows'
[2025-08-30 23:52:31Z INFO CommandLineParser] parsing argument
[2025-08-30 23:52:31Z INFO CommandLineParser] HasArgs: True
[2025-08-30 23:52:31Z INFO CommandLineParser] arg: work
[2025-08-30 23:52:31Z INFO CommandLineParser] parsing argument
[2025-08-30 23:52:31Z INFO CommandLineParser] HasArgs: True
[2025-08-30 23:52:31Z INFO CommandLineParser] Adding option 'work': '_work'
[2025-08-30 23:52:31Z INFO CommandLineParser] parsing argument
[2025-08-30 23:52:31Z INFO CommandLineParser] HasArgs: True
[2025-08-30 23:52:31Z INFO CommandLineParser] arg: unattended
[2025-08-30 23:52:31Z INFO CommandLineParser] parsing argument
[2025-08-30 23:52:31Z INFO CommandLineParser] HasArgs: True
[2025-08-30 23:52:31Z INFO CommandLineParser] arg: runasservice
[2025-08-30 23:52:31Z INFO CommandLineParser] Adding flag: unattended
[2025-08-30 23:52:31Z INFO Listener] Arguments parsed
[2025-08-30 23:52:31Z INFO Runner] ExecuteCommand
[2025-08-30 23:52:31Z INFO ConfigurationStore] currentAssemblyLocation: C:\Users\Moni\Documents\claudeprojects\Microscope\actions-runner\bin\Runner.Listener.dll
[2025-08-30 23:52:31Z INFO HostContext] Well known directory 'Bin': 'C:\Users\Moni\Documents\claudeprojects\Microscope\actions-runner\bin'
[2025-08-30 23:52:31Z INFO ConfigurationStore] binPath: C:\Users\Moni\Documents\claudeprojects\Microscope\actions-runner\bin
[2025-08-30 23:52:31Z INFO HostContext] Well known directory 'Bin': 'C:\Users\Moni\Documents\claudeprojects\Microscope\actions-runner\bin'
[2025-08-30 23:52:31Z INFO HostContext] Well known directory 'Root': 'C:\Users\Moni\Documents\claudeprojects\Microscope\actions-runner'
[2025-08-30 23:52:31Z INFO ConfigurationStore] RootFolder: C:\Users\Moni\Documents\claudeprojects\Microscope\actions-runner
[2025-08-30 23:52:31Z INFO HostContext] Well known directory 'Bin': 'C:\Users\Moni\Documents\claudeprojects\Microscope\actions-runner\bin'
[2025-08-30 23:52:31Z INFO HostContext] Well known directory 'Root': 'C:\Users\Moni\Documents\claudeprojects\Microscope\actions-runner'
[2025-08-30 23:52:31Z INFO HostContext] Well known config file 'Runner': 'C:\Users\Moni\Documents\claudeprojects\Microscope\actions-runner\.runner'
[2025-08-30 23:52:31Z INFO ConfigurationStore] ConfigFilePath: C:\Users\Moni\Documents\claudeprojects\Microscope\actions-runner\.runner
[2025-08-30 23:52:31Z INFO HostContext] Well known directory 'Bin': 'C:\Users\Moni\Documents\claudeprojects\Microscope\actions-runner\bin'
[2025-08-30 23:52:31Z INFO HostContext] Well known directory 'Root': 'C:\Users\Moni\Documents\claudeprojects\Microscope\actions-runner'
[2025-08-30 23:52:31Z INFO HostContext] Well known config file 'MigratedRunner': 'C:\Users\Moni\Documents\claudeprojects\Microscope\actions-runner\.runner_migrated'
[2025-08-30 23:52:31Z INFO ConfigurationStore] MigratedConfigFilePath: C:\Users\Moni\Documents\claudeprojects\Microscope\actions-runner\.runner_migrated
[2025-08-30 23:52:31Z INFO HostContext] Well known directory 'Bin': 'C:\Users\Moni\Documents\claudeprojects\Microscope\actions-runner\bin'
[2025-08-30 23:52:31Z INFO HostContext] Well known directory 'Root': 'C:\Users\Moni\Documents\claudeprojects\Microscope\actions-runner'
[2025-08-30 23:52:31Z INFO HostContext] Well known config file 'Credentials': 'C:\Users\Moni\Documents\claudeprojects\Microscope\actions-runner\.credentials'
[2025-08-30 23:52:31Z INFO ConfigurationStore] CredFilePath: C:\Users\Moni\Documents\claudeprojects\Microscope\actions-runner\.credentials
[2025-08-30 23:52:31Z INFO HostContext] Well known directory 'Bin': 'C:\Users\Moni\Documents\claudeprojects\Microscope\actions-runner\bin'
[2025-08-30 23:52:31Z INFO HostContext] Well known directory 'Root': 'C:\Users\Moni\Documents\claudeprojects\Microscope\actions-runner'
[2025-08-30 23:52:31Z INFO HostContext] Well known config file 'MigratedCredentials': 'C:\Users\Moni\Documents\claudeprojects\Microscope\actions-runner\.credentials_migrated'
[2025-08-30 23:52:31Z INFO ConfigurationStore] MigratedCredFilePath: C:\Users\Moni\Documents\claudeprojects\Microscope\actions-runner\.credentials_migrated
[2025-08-30 23:52:31Z INFO HostContext] Well known directory 'Bin': 'C:\Users\Moni\Documents\claudeprojects\Microscope\actions-runner\bin'
[2025-08-30 23:52:31Z INFO HostContext] Well known directory 'Root': 'C:\Users\Moni\Documents\claudeprojects\Microscope\actions-runner'
[2025-08-30 23:52:31Z INFO HostContext] Well known config file 'Service': 'C:\Users\Moni\Documents\claudeprojects\Microscope\actions-runner\.service'
[2025-08-30 23:52:31Z INFO ConfigurationStore] ServiceConfigFilePath: C:\Users\Moni\Documents\claudeprojects\Microscope\actions-runner\.service
[2025-08-30 23:52:31Z INFO CommandSettings] Flag 'help': 'False'
[2025-08-30 23:52:31Z INFO CommandSettings] Flag 'version': 'False'
[2025-08-30 23:52:31Z INFO CommandSettings] Flag 'commit': 'False'
[2025-08-30 23:52:31Z INFO CommandSettings] Flag 'check': 'False'
[2025-08-30 23:52:31Z INFO CommandSettings] Command 'configure': 'True'
[2025-08-30 23:52:31Z INFO Terminal] WRITE LINE: 
[2025-08-30 23:52:31Z INFO Terminal] WRITE LINE: --------------------------------------------------------------------------------
[2025-08-30 23:52:31Z INFO Terminal] WRITE LINE: |        ____ _ _   _   _       _          _        _   _                      |
[2025-08-30 23:52:31Z INFO Terminal] WRITE LINE: |       / ___(_) |_| | | |_   _| |__      / \   ___| |_(_) ___  _ __  ___      |
[2025-08-30 23:52:31Z INFO Terminal] WRITE LINE: |      | |  _| | __| |_| | | | | '_ \    / _ \ / __| __| |/ _ \| '_ \/ __|     |
[2025-08-30 23:52:31Z INFO Terminal] WRITE LINE: |      | |_| | | |_|  _  | |_| | |_) |  / ___ \ (__| |_| | (_) | | | \__ \     |
[2025-08-30 23:52:31Z INFO Terminal] WRITE LINE: |       \____|_|\__|_| |_|\__,_|_.__/  /_/   \_\___|\__|_|\___/|_| |_|___/     |
[2025-08-30 23:52:31Z INFO Terminal] WRITE LINE: |                                                                              |
[2025-08-30 23:52:31Z INFO Terminal] WRITE: |                       
[2025-08-30 23:52:31Z INFO Terminal] WRITE: Self-hosted runner registration
[2025-08-30 23:52:31Z INFO Terminal] WRITE LINE:                         |
[2025-08-30 23:52:31Z INFO Terminal] WRITE LINE: |                                                                              |
[2025-08-30 23:52:31Z INFO Terminal] WRITE LINE: --------------------------------------------------------------------------------
[2025-08-30 23:52:31Z INFO ConfigurationManager] ConfigureAsync
[2025-08-30 23:52:31Z INFO CommandSettings] Flag 'generateServiceConfig': 'False'
[2025-08-30 23:52:31Z INFO ConfigurationStore] IsConfigured()
[2025-08-30 23:52:31Z INFO ConfigurationStore] IsConfigured: False
[2025-08-30 23:52:31Z INFO ConfigurationManager] Is configured: False
[2025-08-30 23:52:31Z INFO CommandSettings] Arg 'url': 'https://github.com/MoniVibe/Microscope'
[2025-08-30 23:52:31Z INFO CommandSettings] Remove url from Arg dictionary.
[2025-08-30 23:52:31Z INFO CommandSettings] Arg 'token': '***'
[2025-08-30 23:52:31Z INFO CommandSettings] Remove token from Arg dictionary.
[2025-08-30 23:52:31Z INFO ConfigurationManager] Http response code: OK from 'POST https://api.github.com/actions/runner-registration' (2C9A:09E4:1584A:376AF:68B38EC0)
[2025-08-30 23:52:31Z INFO ConfigurationManager] Using V2 flow: False
[2025-08-30 23:52:31Z INFO ConfigurationManager] cred retrieved via GitHub auth
[2025-08-30 23:52:31Z INFO RunnerServer] EstablishVssConnection
[2025-08-30 23:52:31Z INFO RunnerServer] Establish connection with 100 seconds timeout.
[2025-08-30 23:52:32Z INFO GitHubActionsService] Starting operation Location.GetConnectionData
[2025-08-30 23:52:32Z INFO RunnerServer] EstablishVssConnection
[2025-08-30 23:52:32Z INFO RunnerServer] Establish connection with 60 seconds timeout.
[2025-08-30 23:52:32Z INFO GitHubActionsService] Starting operation Location.GetConnectionData
[2025-08-30 23:52:32Z INFO RunnerServer] EstablishVssConnection
[2025-08-30 23:52:32Z INFO RunnerServer] Establish connection with 60 seconds timeout.
[2025-08-30 23:52:32Z INFO GitHubActionsService] Starting operation Location.GetConnectionData
[2025-08-30 23:52:32Z INFO GitHubActionsService] Finished operation Location.GetConnectionData
[2025-08-30 23:52:32Z INFO GitHubActionsService] Finished operation Location.GetConnectionData
[2025-08-30 23:52:32Z INFO GitHubActionsService] Finished operation Location.GetConnectionData
[2025-08-30 23:52:32Z INFO Terminal] WRITE LINE: 
[2025-08-30 23:52:32Z INFO ConfigurationManager] Test Connection complete.
[2025-08-30 23:52:32Z INFO HostContext] Well known directory 'Bin': 'C:\Users\Moni\Documents\claudeprojects\Microscope\actions-runner\bin'
[2025-08-30 23:52:32Z INFO HostContext] Well known directory 'Root': 'C:\Users\Moni\Documents\claudeprojects\Microscope\actions-runner'
[2025-08-30 23:52:32Z INFO HostContext] Well known config file 'RSACredentials': 'C:\Users\Moni\Documents\claudeprojects\Microscope\actions-runner\.credentials_rsaparams'
[2025-08-30 23:52:32Z INFO RSAEncryptedFileKeyManager] Creating new RSA key using 2048-bit key length
[2025-08-30 23:52:32Z INFO RSAEncryptedFileKeyManager] Successfully saved RSA key parameters to file C:\Users\Moni\Documents\claudeprojects\Microscope\actions-runner\.credentials_rsaparams
[2025-08-30 23:52:32Z INFO CommandSettings] Arg 'runnergroup': ''
[2025-08-30 23:52:32Z INFO CommandSettings] Flag 'unattended': 'True'
[2025-08-30 23:52:32Z INFO PromptManager] ReadValue
[2025-08-30 23:52:32Z INFO Terminal] WRITE LINE: 
[2025-08-30 23:52:32Z INFO ConfigurationManager] Found a self-hosted runner group with id 1 and name Default
[2025-08-30 23:52:32Z INFO CommandSettings] Flag 'disableupdate': 'False'
[2025-08-30 23:52:32Z INFO CommandSettings] Flag 'ephemeral': 'False'
[2025-08-30 23:52:32Z INFO CommandSettings] Arg 'name': 'micros-gpu-01'
[2025-08-30 23:52:32Z INFO CommandSettings] Remove name from Arg dictionary.
[2025-08-30 23:52:32Z INFO Terminal] WRITE LINE: 
[2025-08-30 23:52:32Z INFO CommandSettings] Arg 'labels': 'gpu,windows'
[2025-08-30 23:52:32Z INFO CommandSettings] Remove labels from Arg dictionary.
[2025-08-30 23:52:32Z INFO Terminal] WRITE LINE: 
[2025-08-30 23:52:33Z INFO CommandSettings] Flag 'disableupdate': 'False'
[2025-08-30 23:52:33Z INFO CommandSettings] Flag 'no-default-labels': 'False'
[2025-08-30 23:52:33Z INFO CommandSettings] Flag 'disableupdate': 'False'
[2025-08-30 23:52:33Z INFO CommandSettings] Flag 'ephemeral': 'False'
[2025-08-30 23:52:33Z INFO ConfigurationStore] Saving OAuth credential @ C:\Users\Moni\Documents\claudeprojects\Microscope\actions-runner\.credentials
[2025-08-30 23:52:33Z INFO ConfigurationStore] Credentials Saved.
[2025-08-30 23:52:33Z INFO ConfigurationStore] HasCredentials()
[2025-08-30 23:52:33Z INFO ConfigurationStore] stored True
[2025-08-30 23:52:33Z INFO CredentialManager] GetCredentialProvider
[2025-08-30 23:52:33Z INFO CredentialManager] Creating type OAuth
[2025-08-30 23:52:33Z INFO CredentialManager] Creating credential type: OAuth
[2025-08-30 23:52:33Z INFO RSAEncryptedFileKeyManager] Loading RSA key parameters from file C:\Users\Moni\Documents\claudeprojects\Microscope\actions-runner\.credentials_rsaparams
[2025-08-30 23:52:33Z INFO RunnerServer] EstablishVssConnection
[2025-08-30 23:52:33Z INFO RunnerServer] Establish connection with 100 seconds timeout.
[2025-08-30 23:52:33Z INFO GitHubActionsService] Starting operation Location.GetConnectionData
[2025-08-30 23:52:33Z INFO RunnerServer] EstablishVssConnection
[2025-08-30 23:52:33Z INFO RunnerServer] Establish connection with 60 seconds timeout.
[2025-08-30 23:52:33Z INFO GitHubActionsService] Starting operation Location.GetConnectionData
[2025-08-30 23:52:33Z INFO RunnerServer] EstablishVssConnection
[2025-08-30 23:52:33Z INFO RunnerServer] Establish connection with 60 seconds timeout.
[2025-08-30 23:52:33Z INFO GitHubActionsService] Starting operation Location.GetConnectionData
[2025-08-30 23:52:33Z INFO GitHubActionsService] Finished operation Location.GetConnectionData
[2025-08-30 23:52:33Z INFO GitHubActionsService] Finished operation Location.GetConnectionData
[2025-08-30 23:52:33Z INFO GitHubActionsService] Finished operation Location.GetConnectionData
[2025-08-30 23:52:34Z INFO RSAEncryptedFileKeyManager] Loading RSA key parameters from file C:\Users\Moni\Documents\claudeprojects\Microscope\actions-runner\.credentials_rsaparams
[2025-08-30 23:52:34Z INFO RSAEncryptedFileKeyManager] Loading RSA key parameters from file C:\Users\Moni\Documents\claudeprojects\Microscope\actions-runner\.credentials_rsaparams
[2025-08-30 23:52:34Z INFO GitHubActionsService] AAD Correlation ID for this token request: Unknown
[2025-08-30 23:52:34Z INFO ConfigurationManager] Service enforced serverUrlV2: https://broker.actions.githubusercontent.com/
[2025-08-30 23:52:34Z INFO ConfigurationManager] Service enforced useV2Flow: True
[2025-08-30 23:52:34Z INFO CommandSettings] Arg 'work': '_work'
[2025-08-30 23:52:34Z INFO CommandSettings] Remove work from Arg dictionary.
[2025-08-30 23:52:34Z INFO ConfigurationStore] Saving runner settings.
[2025-08-30 23:52:34Z INFO ConfigurationStore] Settings Saved.
[2025-08-30 23:52:34Z INFO Terminal] WRITE LINE: 
[2025-08-30 23:52:34Z INFO Terminal] WRITE LINE: 
[2025-08-30 23:52:34Z INFO CommandSettings] Flag 'runasservice': 'True'
[2025-08-30 23:52:34Z INFO ConfigurationManager] Configuring to run the agent as service
[2025-08-30 23:52:34Z ERR  WindowsServiceControlManager] Needs Administrator privileges for configure runner as windows service.
[2025-08-30 23:52:34Z ERR  Runner] System.Security.SecurityException: Needs Administrator privileges for configuring runner as windows service.
   at GitHub.Runner.Listener.Configuration.WindowsServiceControlManager.ConfigureService(RunnerSettings settings, CommandSettings command)
   at GitHub.Runner.Listener.Configuration.ConfigurationManager.ConfigureAsync(CommandSettings command)
   at GitHub.Runner.Listener.Runner.ExecuteCommand(CommandSettings command)
[2025-08-30 23:52:34Z ERR  Terminal] WRITE ERROR: Needs Administrator privileges for configuring runner as windows service.
[2025-08-30 23:52:34Z INFO Listener] Runner execution has finished with return code 1
