[2025-08-30 23:45:43Z INFO HostContext] No proxy settings were found based on environmental variables (http_proxy/https_proxy/HTTP_PROXY/HTTPS_PROXY)
[2025-08-30 23:45:43Z INFO HostContext] Well known directory 'Bin': 'C:\Users\Moni\Documents\claudeprojects\Microscope\actions-runner\bin'
[2025-08-30 23:45:43Z INFO HostContext] Well known directory 'Root': 'C:\Users\Moni\Documents\claudeprojects\Microscope\actions-runner'
[2025-08-30 23:45:43Z INFO HostContext] Well known config file 'Credentials': 'C:\Users\Moni\Documents\claudeprojects\Microscope\actions-runner\.credentials'
[2025-08-30 23:45:43Z INFO HostContext] Well known directory 'Bin': 'C:\Users\Moni\Documents\claudeprojects\Microscope\actions-runner\bin'
[2025-08-30 23:45:43Z INFO HostContext] Well known directory 'Root': 'C:\Users\Moni\Documents\claudeprojects\Microscope\actions-runner'
[2025-08-30 23:45:43Z INFO HostContext] Well known config file 'Runner': 'C:\Users\Moni\Documents\claudeprojects\Microscope\actions-runner\.runner'
[2025-08-30 23:45:43Z INFO Listener] Runner is built for Windows (X64) - win-x64.
[2025-08-30 23:45:43Z INFO Listener] RuntimeInformation: Microsoft Windows 10.0.26100.
[2025-08-30 23:45:43Z INFO Listener] Version: 2.328.0
[2025-08-30 23:45:43Z INFO Listener] Commit: 6f9a9110adce65f44ca6f7c0ae142b9cc6af937b
[2025-08-30 23:45:43Z INFO Listener] Culture: en-IL
[2025-08-30 23:45:43Z INFO Listener] UI Culture: en-US
[2025-08-30 23:45:43Z INFO HostContext] Well known directory 'Bin': 'C:\Users\Moni\Documents\claudeprojects\Microscope\actions-runner\bin'
[2025-08-30 23:45:43Z INFO HostContext] Well known directory 'Root': 'C:\Users\Moni\Documents\claudeprojects\Microscope\actions-runner'
[2025-08-30 23:45:43Z INFO Listener] Validating directory permissions for: 'C:\Users\Moni\Documents\claudeprojects\Microscope\actions-runner'
[2025-08-30 23:45:43Z INFO CommandLineParser] Parse
[2025-08-30 23:45:43Z INFO CommandLineParser] Parsing 1 args
[2025-08-30 23:45:43Z INFO CommandLineParser] parsing argument
[2025-08-30 23:45:43Z INFO CommandLineParser] HasArgs: False
[2025-08-30 23:45:43Z INFO CommandLineParser] Adding Command: run
[2025-08-30 23:45:43Z INFO Listener] Arguments parsed
[2025-08-30 23:45:43Z INFO Runner] ExecuteCommand
[2025-08-30 23:45:43Z INFO ConfigurationStore] currentAssemblyLocation: C:\Users\Moni\Documents\claudeprojects\Microscope\actions-runner\bin\Runner.Listener.dll
[2025-08-30 23:45:43Z INFO HostContext] Well known directory 'Bin': 'C:\Users\Moni\Documents\claudeprojects\Microscope\actions-runner\bin'
[2025-08-30 23:45:43Z INFO ConfigurationStore] binPath: C:\Users\Moni\Documents\claudeprojects\Microscope\actions-runner\bin
[2025-08-30 23:45:43Z INFO HostContext] Well known directory 'Bin': 'C:\Users\Moni\Documents\claudeprojects\Microscope\actions-runner\bin'
[2025-08-30 23:45:43Z INFO HostContext] Well known directory 'Root': 'C:\Users\Moni\Documents\claudeprojects\Microscope\actions-runner'
[2025-08-30 23:45:43Z INFO ConfigurationStore] RootFolder: C:\Users\Moni\Documents\claudeprojects\Microscope\actions-runner
[2025-08-30 23:45:43Z INFO HostContext] Well known directory 'Bin': 'C:\Users\Moni\Documents\claudeprojects\Microscope\actions-runner\bin'
[2025-08-30 23:45:43Z INFO HostContext] Well known directory 'Root': 'C:\Users\Moni\Documents\claudeprojects\Microscope\actions-runner'
[2025-08-30 23:45:43Z INFO HostContext] Well known config file 'Runner': 'C:\Users\Moni\Documents\claudeprojects\Microscope\actions-runner\.runner'
[2025-08-30 23:45:43Z INFO ConfigurationStore] ConfigFilePath: C:\Users\Moni\Documents\claudeprojects\Microscope\actions-runner\.runner
[2025-08-30 23:45:43Z INFO HostContext] Well known directory 'Bin': 'C:\Users\Moni\Documents\claudeprojects\Microscope\actions-runner\bin'
[2025-08-30 23:45:43Z INFO HostContext] Well known directory 'Root': 'C:\Users\Moni\Documents\claudeprojects\Microscope\actions-runner'
[2025-08-30 23:45:43Z INFO HostContext] Well known config file 'MigratedRunner': 'C:\Users\Moni\Documents\claudeprojects\Microscope\actions-runner\.runner_migrated'
[2025-08-30 23:45:43Z INFO ConfigurationStore] MigratedConfigFilePath: C:\Users\Moni\Documents\claudeprojects\Microscope\actions-runner\.runner_migrated
[2025-08-30 23:45:43Z INFO HostContext] Well known directory 'Bin': 'C:\Users\Moni\Documents\claudeprojects\Microscope\actions-runner\bin'
[2025-08-30 23:45:43Z INFO HostContext] Well known directory 'Root': 'C:\Users\Moni\Documents\claudeprojects\Microscope\actions-runner'
[2025-08-30 23:45:43Z INFO HostContext] Well known config file 'Credentials': 'C:\Users\Moni\Documents\claudeprojects\Microscope\actions-runner\.credentials'
[2025-08-30 23:45:43Z INFO ConfigurationStore] CredFilePath: C:\Users\Moni\Documents\claudeprojects\Microscope\actions-runner\.credentials
[2025-08-30 23:45:43Z INFO HostContext] Well known directory 'Bin': 'C:\Users\Moni\Documents\claudeprojects\Microscope\actions-runner\bin'
[2025-08-30 23:45:43Z INFO HostContext] Well known directory 'Root': 'C:\Users\Moni\Documents\claudeprojects\Microscope\actions-runner'
[2025-08-30 23:45:43Z INFO HostContext] Well known config file 'MigratedCredentials': 'C:\Users\Moni\Documents\claudeprojects\Microscope\actions-runner\.credentials_migrated'
[2025-08-30 23:45:43Z INFO ConfigurationStore] MigratedCredFilePath: C:\Users\Moni\Documents\claudeprojects\Microscope\actions-runner\.credentials_migrated
[2025-08-30 23:45:43Z INFO HostContext] Well known directory 'Bin': 'C:\Users\Moni\Documents\claudeprojects\Microscope\actions-runner\bin'
[2025-08-30 23:45:43Z INFO HostContext] Well known directory 'Root': 'C:\Users\Moni\Documents\claudeprojects\Microscope\actions-runner'
[2025-08-30 23:45:43Z INFO HostContext] Well known config file 'Service': 'C:\Users\Moni\Documents\claudeprojects\Microscope\actions-runner\.service'
[2025-08-30 23:45:43Z INFO ConfigurationStore] ServiceConfigFilePath: C:\Users\Moni\Documents\claudeprojects\Microscope\actions-runner\.service
[2025-08-30 23:45:43Z INFO CommandSettings] Flag 'help': 'False'
[2025-08-30 23:45:43Z INFO CommandSettings] Flag 'version': 'False'
[2025-08-30 23:45:43Z INFO CommandSettings] Flag 'commit': 'False'
[2025-08-30 23:45:43Z INFO CommandSettings] Flag 'check': 'False'
[2025-08-30 23:45:43Z INFO CommandSettings] Command 'configure': 'False'
[2025-08-30 23:45:43Z INFO CommandSettings] Command 'remove': 'False'
[2025-08-30 23:45:43Z INFO CommandSettings] Command 'warmup': 'False'
[2025-08-30 23:45:43Z INFO ConfigurationManager] LoadSettings
[2025-08-30 23:45:43Z INFO ConfigurationStore] IsConfigured()
[2025-08-30 23:45:43Z INFO ConfigurationStore] IsConfigured: True
[2025-08-30 23:45:43Z INFO ConfigurationManager] Is configured: True
[2025-08-30 23:45:43Z INFO ConfigurationStore] Read setting file: 398 chars
[2025-08-30 23:45:43Z INFO ConfigurationManager] Settings Loaded
[2025-08-30 23:45:43Z INFO ConfigurationStore] IsServiceConfigured()
[2025-08-30 23:45:43Z INFO ConfigurationStore] IsServiceConfigured: False
[2025-08-30 23:45:43Z INFO CommandSettings] Command 'run': 'True'
[2025-08-30 23:45:43Z INFO ConfigurationStore] IsConfigured()
[2025-08-30 23:45:43Z INFO ConfigurationStore] IsConfigured: True
[2025-08-30 23:45:43Z INFO ConfigurationManager] Is configured: True
[2025-08-30 23:45:43Z INFO Runner] Could not parse the argument value '' for StartupType. Defaulting to Manual
[2025-08-30 23:45:43Z INFO Runner] Set runner startup type - Manual
[2025-08-30 23:45:43Z INFO CommandSettings] Flag 'once': 'False'
[2025-08-30 23:45:43Z INFO CommandSettings] Flag 'once': 'False'
[2025-08-30 23:45:43Z INFO Runner] RunAsync
[2025-08-30 23:45:43Z INFO ConfigurationManager] LoadMigratedSettings
[2025-08-30 23:45:43Z INFO ConfigurationStore] IsMigratedConfigured()
[2025-08-30 23:45:43Z INFO ConfigurationStore] IsMigratedConfigured: False
[2025-08-30 23:45:43Z INFO Runner] Failed to load migrated settings: No migrated configuration found.
[2025-08-30 23:45:43Z INFO Runner] Falling back to original .runner settings
[2025-08-30 23:45:43Z INFO Runner] Using BrokerMessageListener
[2025-08-30 23:45:43Z INFO BrokerMessageListener] Using provided settings
[2025-08-30 23:45:43Z INFO BrokerMessageListener] {
  "AgentId": 2,
  "AgentName": "DESKTOP-9VVJV75",
  "PoolId": 1,
  "PoolName": "Default",
  "ServerUrl": "https://pipelinesghubeus12.actions.githubusercontent.com/17FwdVDfg7yJ5adUFESZHbkakJQDwvItYRiky3qOM9Tofh7fB9/",
  "GitHubUrl": "https://github.com/MoniVibe/Microscope",
  "WorkFolder": "_work",
  "UseV2Flow": true,
  "ServerUrlV2": "https://broker.actions.githubusercontent.com/"
}
[2025-08-30 23:45:43Z INFO BrokerMessageListener] Loading Credentials
[2025-08-30 23:45:43Z INFO ConfigurationStore] HasCredentials()
[2025-08-30 23:45:43Z INFO ConfigurationStore] stored True
[2025-08-30 23:45:43Z INFO CredentialManager] GetCredentialProvider
[2025-08-30 23:45:43Z INFO CredentialManager] Creating type OAuth
[2025-08-30 23:45:43Z INFO CredentialManager] Creating credential type: OAuth
[2025-08-30 23:45:43Z INFO HostContext] Well known directory 'Bin': 'C:\Users\Moni\Documents\claudeprojects\Microscope\actions-runner\bin'
[2025-08-30 23:45:43Z INFO HostContext] Well known directory 'Root': 'C:\Users\Moni\Documents\claudeprojects\Microscope\actions-runner'
[2025-08-30 23:45:43Z INFO HostContext] Well known config file 'RSACredentials': 'C:\Users\Moni\Documents\claudeprojects\Microscope\actions-runner\.credentials_rsaparams'
[2025-08-30 23:45:43Z INFO RSAEncryptedFileKeyManager] Loading RSA key parameters from file C:\Users\Moni\Documents\claudeprojects\Microscope\actions-runner\.credentials_rsaparams
[2025-08-30 23:45:43Z INFO BrokerMessageListener] Attempt to create session.
[2025-08-30 23:45:43Z INFO BrokerMessageListener] Connecting to the Broker Server...
[2025-08-30 23:45:43Z INFO ConfigurationStore] HasCredentials()
[2025-08-30 23:45:43Z INFO ConfigurationStore] stored True
[2025-08-30 23:45:43Z INFO CredentialManager] GetCredentialProvider
[2025-08-30 23:45:43Z INFO CredentialManager] Creating type OAuth
[2025-08-30 23:45:43Z INFO CredentialManager] Creating credential type: OAuth
[2025-08-30 23:45:43Z INFO RSAEncryptedFileKeyManager] Loading RSA key parameters from file C:\Users\Moni\Documents\claudeprojects\Microscope\actions-runner\.credentials_rsaparams
[2025-08-30 23:45:43Z INFO BrokerMessageListener] VssConnection created
[2025-08-30 23:45:43Z INFO BrokerMessageListener] Connecting to the Runner server...
[2025-08-30 23:45:43Z INFO RunnerServer] EstablishVssConnection
[2025-08-30 23:45:43Z INFO RunnerServer] Establish connection with 100 seconds timeout.
[2025-08-30 23:45:43Z INFO GitHubActionsService] Starting operation Location.GetConnectionData
[2025-08-30 23:45:43Z INFO RunnerServer] EstablishVssConnection
[2025-08-30 23:45:43Z INFO RunnerServer] Establish connection with 60 seconds timeout.
[2025-08-30 23:45:43Z INFO GitHubActionsService] Starting operation Location.GetConnectionData
[2025-08-30 23:45:43Z INFO RunnerServer] EstablishVssConnection
[2025-08-30 23:45:43Z INFO RunnerServer] Establish connection with 60 seconds timeout.
[2025-08-30 23:45:43Z INFO GitHubActionsService] Starting operation Location.GetConnectionData
[2025-08-30 23:45:44Z INFO GitHubActionsService] Finished operation Location.GetConnectionData
[2025-08-30 23:45:44Z INFO GitHubActionsService] Finished operation Location.GetConnectionData
[2025-08-30 23:45:44Z INFO GitHubActionsService] Finished operation Location.GetConnectionData
[2025-08-30 23:45:44Z INFO BrokerMessageListener] VssConnection created
[2025-08-30 23:45:44Z INFO Terminal] WRITE LINE: 
[2025-08-30 23:45:44Z INFO Terminal] WRITE LINE: 
[2025-08-30 23:45:44Z INFO RSAEncryptedFileKeyManager] Loading RSA key parameters from file C:\Users\Moni\Documents\claudeprojects\Microscope\actions-runner\.credentials_rsaparams
[2025-08-30 23:45:44Z INFO RSAEncryptedFileKeyManager] Loading RSA key parameters from file C:\Users\Moni\Documents\claudeprojects\Microscope\actions-runner\.credentials_rsaparams
[2025-08-30 23:45:45Z INFO GitHubActionsService] AAD Correlation ID for this token request: Unknown
[2025-08-30 23:45:45Z ERR  GitHubActionsService] POST request to https://broker.actions.githubusercontent.com/session failed. HTTP Status: Conflict
[2025-08-30 23:45:45Z ERR  BrokerMessageListener] Catch exception during create session.
[2025-08-30 23:45:45Z ERR  BrokerMessageListener] GitHub.DistributedTask.WebApi.TaskAgentSessionConflictException: Error: Conflict
   at GitHub.Actions.RunService.WebApi.BrokerHttpClient.CreateSessionAsync(TaskAgentSession session, CancellationToken cancellationToken)
   at GitHub.Runner.Common.BrokerServer.CreateSessionAsync(TaskAgentSession session, CancellationToken cancellationToken)
   at GitHub.Runner.Listener.BrokerMessageListener.CreateSessionAsync(CancellationToken token)
[2025-08-30 23:45:45Z INFO BrokerMessageListener] The session for this runner already exists.
[2025-08-30 23:45:45Z ERR  Terminal] WRITE ERROR: A session for this runner already exists.
[2025-08-30 23:45:45Z INFO BrokerMessageListener] The session conflict exception haven't reached retry limit.
[2025-08-30 23:45:45Z ERR  Terminal] WRITE ERROR: 2025-08-30 23:45:45Z: Runner connect error: Error: Conflict. Retrying until reconnected.
[2025-08-30 23:45:45Z INFO BrokerMessageListener] Sleeping for 30 seconds before retrying.
[2025-08-30 23:45:47Z INFO HostContext] Runner will be shutdown for UserCancelled
